[    5336ms] [WARNING] The width(-1) and height(-1) of chart should be greater than 0,
       please check the style of container, or the props width(100%) and height(100%),
       or add a minWidth(0) or minHeight(undefined) or use aspect(undefined) to control the
       height and width. @ https://dydata.cc/_next/static/chunks/9201f5f0076c2c93.js:0
[    5336ms] [WARNING] The width(-1) and height(-1) of chart should be greater than 0,
       please check the style of container, or the props width(100%) and height(100%),
       or add a minWidth(0) or minHeight(undefined) or use aspect(undefined) to control the
       height and width. @ https://dydata.cc/_next/static/chunks/9201f5f0076c2c93.js:0
[    5378ms] Error: Minified React error #418; visit https://react.dev/errors/418?args[]=text&args[]= for the full message or use the non-minified dev environment for full errors and additional helpful warnings.
    at rK (https://dydata.cc/_next/static/chunks/edf728ade32a04ce.js:1:46764)
    at rX (https://dydata.cc/_next/static/chunks/edf728ade32a04ce.js:1:47797)
    at https://dydata.cc/_next/static/chunks/edf728ade32a04ce.js:1:141516
    at sp (https://dydata.cc/_next/static/chunks/edf728ade32a04ce.js:1:146677)
    at sc (https://dydata.cc/_next/static/chunks/edf728ade32a04ce.js:1:138017)
    at https://dydata.cc/_next/static/chunks/edf728ade32a04ce.js:1:132846
    at u9 (https://dydata.cc/_next/static/chunks/edf728ade32a04ce.js:1:132947)
    at sV (https://dydata.cc/_next/static/chunks/edf728ade32a04ce.js:1:159329)
    at MessagePort.O (https://dydata.cc/_next/static/chunks/edf728ade32a04ce.js:1:8295)
[   85247ms] [WARNING] The width(-1) and height(-1) of chart should be greater than 0,
       please check the style of container, or the props width(100%) and height(100%),
       or add a minWidth(0) or minHeight(undefined) or use aspect(undefined) to control the
       height and width. @ https://dydata.cc/_next/static/chunks/9201f5f0076c2c93.js:0
[   85248ms] [WARNING] The width(-1) and height(-1) of chart should be greater than 0,
       please check the style of container, or the props width(100%) and height(100%),
       or add a minWidth(0) or minHeight(undefined) or use aspect(undefined) to control the
       height and width. @ https://dydata.cc/_next/static/chunks/9201f5f0076c2c93.js:0
