[25416529ms] [ERROR] Failed to load resource: net::ERR_INTERNET_DISCONNECTED @ https://mkkvnogkqcupvxmnoefy.supabase.co/auth/v1/token?grant_type=refresh_token:0
[25416529ms] [ERROR] TypeError: Failed to fetch
    at https://dydata.cc/_next/static/chunks/7b31e1b66a930b2d.js:24:38928
    at tD (https://dydata.cc/_next/static/chunks/7b31e1b66a930b2d.js:24:43868)
    at tL (https://dydata.cc/_next/static/chunks/7b31e1b66a930b2d.js:24:43396)
    at r (https://dydata.cc/_next/static/chunks/7b31e1b66a930b2d.js:37:25000)
    at https://dydata.cc/_next/static/chunks/7b31e1b66a930b2d.js:37:25263
    at https://dydata.cc/_next/static/chunks/7b31e1b66a930b2d.js:37:25340
    at new Promise (<anonymous>)
    at rp._refreshAccessToken (https://dydata.cc/_next/static/chunks/7b31e1b66a930b2d.js:37:25194)
    at rp._callRefreshToken (https://dydata.cc/_next/static/chunks/7b31e1b66a930b2d.js:37:27943)
    at https://dydata.cc/_next/static/chunks/7b31e1b66a930b2d.js:37:31547 @ https://dydata.cc/_next/static/chunks/7b31e1b66a930b2d.js:23
[25416736ms] [ERROR] Failed to load resource: net::ERR_INTERNET_DISCONNECTED @ https://mkkvnogkqcupvxmnoefy.supabase.co/auth/v1/token?grant_type=refresh_token:0
[25416736ms] [ERROR] TypeError: Failed to fetch
    at https://dydata.cc/_next/static/chunks/7b31e1b66a930b2d.js:24:38928
    at tD (https://dydata.cc/_next/static/chunks/7b31e1b66a930b2d.js:24:43868)
    at tL (https://dydata.cc/_next/static/chunks/7b31e1b66a930b2d.js:24:43396)
    at r (https://dydata.cc/_next/static/chunks/7b31e1b66a930b2d.js:37:25000)
    at async https://dydata.cc/_next/static/chunks/7b31e1b66a930b2d.js:37:25257 @ https://dydata.cc/_next/static/chunks/7b31e1b66a930b2d.js:23
[25417148ms] [ERROR] Failed to load resource: net::ERR_INTERNET_DISCONNECTED @ https://mkkvnogkqcupvxmnoefy.supabase.co/auth/v1/token?grant_type=refresh_token:0
[25417148ms] [ERROR] TypeError: Failed to fetch
    at https://dydata.cc/_next/static/chunks/7b31e1b66a930b2d.js:24:38928
    at tD (https://dydata.cc/_next/static/chunks/7b31e1b66a930b2d.js:24:43868)
    at tL (https://dydata.cc/_next/static/chunks/7b31e1b66a930b2d.js:24:43396)
    at r (https://dydata.cc/_next/static/chunks/7b31e1b66a930b2d.js:37:25000)
    at async https://dydata.cc/_next/static/chunks/7b31e1b66a930b2d.js:37:25257 @ https://dydata.cc/_next/static/chunks/7b31e1b66a930b2d.js:23
[25417956ms] [ERROR] Failed to load resource: net::ERR_INTERNET_DISCONNECTED @ https://mkkvnogkqcupvxmnoefy.supabase.co/auth/v1/token?grant_type=refresh_token:0
[25417956ms] [ERROR] TypeError: Failed to fetch
    at https://dydata.cc/_next/static/chunks/7b31e1b66a930b2d.js:24:38928
    at tD (https://dydata.cc/_next/static/chunks/7b31e1b66a930b2d.js:24:43868)
    at tL (https://dydata.cc/_next/static/chunks/7b31e1b66a930b2d.js:24:43396)
    at r (https://dydata.cc/_next/static/chunks/7b31e1b66a930b2d.js:37:25000)
    at async https://dydata.cc/_next/static/chunks/7b31e1b66a930b2d.js:37:25257 @ https://dydata.cc/_next/static/chunks/7b31e1b66a930b2d.js:23
[25419578ms] [ERROR] Failed to load resource: net::ERR_INTERNET_DISCONNECTED @ https://mkkvnogkqcupvxmnoefy.supabase.co/auth/v1/token?grant_type=refresh_token:0
[25419578ms] [ERROR] TypeError: Failed to fetch
    at https://dydata.cc/_next/static/chunks/7b31e1b66a930b2d.js:24:38928
    at tD (https://dydata.cc/_next/static/chunks/7b31e1b66a930b2d.js:24:43868)
    at tL (https://dydata.cc/_next/static/chunks/7b31e1b66a930b2d.js:24:43396)
    at r (https://dydata.cc/_next/static/chunks/7b31e1b66a930b2d.js:37:25000)
    at async https://dydata.cc/_next/static/chunks/7b31e1b66a930b2d.js:37:25257 @ https://dydata.cc/_next/static/chunks/7b31e1b66a930b2d.js:23
[25422790ms] [ERROR] Failed to load resource: net::ERR_INTERNET_DISCONNECTED @ https://mkkvnogkqcupvxmnoefy.supabase.co/auth/v1/token?grant_type=refresh_token:0
[25422790ms] [ERROR] TypeError: Failed to fetch
    at https://dydata.cc/_next/static/chunks/7b31e1b66a930b2d.js:24:38928
    at tD (https://dydata.cc/_next/static/chunks/7b31e1b66a930b2d.js:24:43868)
    at tL (https://dydata.cc/_next/static/chunks/7b31e1b66a930b2d.js:24:43396)
    at r (https://dydata.cc/_next/static/chunks/7b31e1b66a930b2d.js:37:25000)
    at async https://dydata.cc/_next/static/chunks/7b31e1b66a930b2d.js:37:25257 @ https://dydata.cc/_next/static/chunks/7b31e1b66a930b2d.js:23
[25433356ms] [ERROR] Failed to load resource: net::ERR_INTERNET_DISCONNECTED @ https://mkkvnogkqcupvxmnoefy.supabase.co/auth/v1/token?grant_type=refresh_token:0
[25433356ms] [ERROR] TypeError: Failed to fetch
    at https://dydata.cc/_next/static/chunks/7b31e1b66a930b2d.js:24:38928
    at tD (https://dydata.cc/_next/static/chunks/7b31e1b66a930b2d.js:24:43868)
    at tL (https://dydata.cc/_next/static/chunks/7b31e1b66a930b2d.js:24:43396)
    at r (https://dydata.cc/_next/static/chunks/7b31e1b66a930b2d.js:37:25000)
    at async https://dydata.cc/_next/static/chunks/7b31e1b66a930b2d.js:37:25257 @ https://dydata.cc/_next/static/chunks/7b31e1b66a930b2d.js:23
[25496455ms] [ERROR] Failed to load resource: net::ERR_INTERNET_DISCONNECTED @ https://mkkvnogkqcupvxmnoefy.supabase.co/auth/v1/token?grant_type=refresh_token:0
[25496455ms] [ERROR] TypeError: Failed to fetch
    at https://dydata.cc/_next/static/chunks/7b31e1b66a930b2d.js:24:38928
    at tD (https://dydata.cc/_next/static/chunks/7b31e1b66a930b2d.js:24:43868)
    at tL (https://dydata.cc/_next/static/chunks/7b31e1b66a930b2d.js:24:43396)
    at r (https://dydata.cc/_next/static/chunks/7b31e1b66a930b2d.js:37:25000)
    at async https://dydata.cc/_next/static/chunks/7b31e1b66a930b2d.js:37:25257 @ https://dydata.cc/_next/static/chunks/7b31e1b66a930b2d.js:23
[25500965ms] [ERROR] Failed to load resource: net::ERR_INTERNET_DISCONNECTED @ https://mkkvnogkqcupvxmnoefy.supabase.co/auth/v1/token?grant_type=refresh_token:0
[25500965ms] [ERROR] TypeError: Failed to fetch
    at https://dydata.cc/_next/static/chunks/7b31e1b66a930b2d.js:24:38928
    at tD (https://dydata.cc/_next/static/chunks/7b31e1b66a930b2d.js:24:43868)
    at tL (https://dydata.cc/_next/static/chunks/7b31e1b66a930b2d.js:24:43396)
    at r (https://dydata.cc/_next/static/chunks/7b31e1b66a930b2d.js:37:25000)
    at https://dydata.cc/_next/static/chunks/7b31e1b66a930b2d.js:37:25263
    at https://dydata.cc/_next/static/chunks/7b31e1b66a930b2d.js:37:25340
    at new Promise (<anonymous>)
    at rp._refreshAccessToken (https://dydata.cc/_next/static/chunks/7b31e1b66a930b2d.js:37:25194)
    at rp._callRefreshToken (https://dydata.cc/_next/static/chunks/7b31e1b66a930b2d.js:37:27943)
    at rp.__loadSession (https://dydata.cc/_next/static/chunks/7b31e1b66a930b2d.js:37:14186) @ https://dydata.cc/_next/static/chunks/7b31e1b66a930b2d.js:23
[25501175ms] [ERROR] Failed to load resource: net::ERR_INTERNET_DISCONNECTED @ https://mkkvnogkqcupvxmnoefy.supabase.co/auth/v1/token?grant_type=refresh_token:0
[25501175ms] [ERROR] TypeError: Failed to fetch
    at https://dydata.cc/_next/static/chunks/7b31e1b66a930b2d.js:24:38928
    at tD (https://dydata.cc/_next/static/chunks/7b31e1b66a930b2d.js:24:43868)
    at tL (https://dydata.cc/_next/static/chunks/7b31e1b66a930b2d.js:24:43396)
    at r (https://dydata.cc/_next/static/chunks/7b31e1b66a930b2d.js:37:25000)
    at async https://dydata.cc/_next/static/chunks/7b31e1b66a930b2d.js:37:25257 @ https://dydata.cc/_next/static/chunks/7b31e1b66a930b2d.js:23
[26465885ms] [ERROR] Failed to load resource: net::ERR_INTERNET_DISCONNECTED @ https://mkkvnogkqcupvxmnoefy.supabase.co/auth/v1/token?grant_type=refresh_token:0
[26465885ms] [ERROR] TypeError: Failed to fetch
    at https://dydata.cc/_next/static/chunks/7b31e1b66a930b2d.js:24:38928
    at tD (https://dydata.cc/_next/static/chunks/7b31e1b66a930b2d.js:24:43868)
    at tL (https://dydata.cc/_next/static/chunks/7b31e1b66a930b2d.js:24:43396)
    at r (https://dydata.cc/_next/static/chunks/7b31e1b66a930b2d.js:37:25000)
    at async https://dydata.cc/_next/static/chunks/7b31e1b66a930b2d.js:37:25257 @ https://dydata.cc/_next/static/chunks/7b31e1b66a930b2d.js:23
[28179486ms] [ERROR] Failed to load resource: net::ERR_INTERNET_DISCONNECTED @ https://mkkvnogkqcupvxmnoefy.supabase.co/auth/v1/token?grant_type=refresh_token:0
[28179486ms] [ERROR] TypeError: Failed to fetch
    at https://dydata.cc/_next/static/chunks/7b31e1b66a930b2d.js:24:38928
    at tD (https://dydata.cc/_next/static/chunks/7b31e1b66a930b2d.js:24:43868)
    at tL (https://dydata.cc/_next/static/chunks/7b31e1b66a930b2d.js:24:43396)
    at r (https://dydata.cc/_next/static/chunks/7b31e1b66a930b2d.js:37:25000)
    at https://dydata.cc/_next/static/chunks/7b31e1b66a930b2d.js:37:25263
    at https://dydata.cc/_next/static/chunks/7b31e1b66a930b2d.js:37:25340
    at new Promise (<anonymous>)
    at rp._refreshAccessToken (https://dydata.cc/_next/static/chunks/7b31e1b66a930b2d.js:37:25194)
    at rp._callRefreshToken (https://dydata.cc/_next/static/chunks/7b31e1b66a930b2d.js:37:27943)
    at rp.__loadSession (https://dydata.cc/_next/static/chunks/7b31e1b66a930b2d.js:37:14186) @ https://dydata.cc/_next/static/chunks/7b31e1b66a930b2d.js:23
[28179695ms] [ERROR] Failed to load resource: net::ERR_INTERNET_DISCONNECTED @ https://mkkvnogkqcupvxmnoefy.supabase.co/auth/v1/token?grant_type=refresh_token:0
[28179695ms] [ERROR] TypeError: Failed to fetch
    at https://dydata.cc/_next/static/chunks/7b31e1b66a930b2d.js:24:38928
    at tD (https://dydata.cc/_next/static/chunks/7b31e1b66a930b2d.js:24:43868)
    at tL (https://dydata.cc/_next/static/chunks/7b31e1b66a930b2d.js:24:43396)
    at r (https://dydata.cc/_next/static/chunks/7b31e1b66a930b2d.js:37:25000)
    at async https://dydata.cc/_next/static/chunks/7b31e1b66a930b2d.js:37:25257 @ https://dydata.cc/_next/static/chunks/7b31e1b66a930b2d.js:23
[28180103ms] [ERROR] Failed to load resource: net::ERR_INTERNET_DISCONNECTED @ https://mkkvnogkqcupvxmnoefy.supabase.co/auth/v1/token?grant_type=refresh_token:0
[28180103ms] [ERROR] TypeError: Failed to fetch
    at https://dydata.cc/_next/static/chunks/7b31e1b66a930b2d.js:24:38928
    at tD (https://dydata.cc/_next/static/chunks/7b31e1b66a930b2d.js:24:43868)
    at tL (https://dydata.cc/_next/static/chunks/7b31e1b66a930b2d.js:24:43396)
    at r (https://dydata.cc/_next/static/chunks/7b31e1b66a930b2d.js:37:25000)
    at async https://dydata.cc/_next/static/chunks/7b31e1b66a930b2d.js:37:25257 @ https://dydata.cc/_next/static/chunks/7b31e1b66a930b2d.js:23
[28180919ms] [ERROR] Failed to load resource: net::ERR_INTERNET_DISCONNECTED @ https://mkkvnogkqcupvxmnoefy.supabase.co/auth/v1/token?grant_type=refresh_token:0
[28180919ms] [ERROR] TypeError: Failed to fetch
    at https://dydata.cc/_next/static/chunks/7b31e1b66a930b2d.js:24:38928
    at tD (https://dydata.cc/_next/static/chunks/7b31e1b66a930b2d.js:24:43868)
    at tL (https://dydata.cc/_next/static/chunks/7b31e1b66a930b2d.js:24:43396)
    at r (https://dydata.cc/_next/static/chunks/7b31e1b66a930b2d.js:37:25000)
    at async https://dydata.cc/_next/static/chunks/7b31e1b66a930b2d.js:37:25257 @ https://dydata.cc/_next/static/chunks/7b31e1b66a930b2d.js:23
[28182527ms] [ERROR] Failed to load resource: net::ERR_INTERNET_DISCONNECTED @ https://mkkvnogkqcupvxmnoefy.supabase.co/auth/v1/token?grant_type=refresh_token:0
[28182528ms] [ERROR] TypeError: Failed to fetch
    at https://dydata.cc/_next/static/chunks/7b31e1b66a930b2d.js:24:38928
    at tD (https://dydata.cc/_next/static/chunks/7b31e1b66a930b2d.js:24:43868)
    at tL (https://dydata.cc/_next/static/chunks/7b31e1b66a930b2d.js:24:43396)
    at r (https://dydata.cc/_next/static/chunks/7b31e1b66a930b2d.js:37:25000)
    at async https://dydata.cc/_next/static/chunks/7b31e1b66a930b2d.js:37:25257 @ https://dydata.cc/_next/static/chunks/7b31e1b66a930b2d.js:23
[28185739ms] [ERROR] Failed to load resource: net::ERR_INTERNET_DISCONNECTED @ https://mkkvnogkqcupvxmnoefy.supabase.co/auth/v1/token?grant_type=refresh_token:0
[28185739ms] [ERROR] TypeError: Failed to fetch
    at https://dydata.cc/_next/static/chunks/7b31e1b66a930b2d.js:24:38928
    at tD (https://dydata.cc/_next/static/chunks/7b31e1b66a930b2d.js:24:43868)
    at tL (https://dydata.cc/_next/static/chunks/7b31e1b66a930b2d.js:24:43396)
    at r (https://dydata.cc/_next/static/chunks/7b31e1b66a930b2d.js:37:25000)
    at async https://dydata.cc/_next/static/chunks/7b31e1b66a930b2d.js:37:25257 @ https://dydata.cc/_next/static/chunks/7b31e1b66a930b2d.js:23
[28983776ms] [ERROR] Failed to load resource: net::ERR_INTERNET_DISCONNECTED @ https://mkkvnogkqcupvxmnoefy.supabase.co/auth/v1/token?grant_type=refresh_token:0
[28983776ms] [ERROR] TypeError: Failed to fetch
    at https://dydata.cc/_next/static/chunks/7b31e1b66a930b2d.js:24:38928
    at tD (https://dydata.cc/_next/static/chunks/7b31e1b66a930b2d.js:24:43868)
    at tL (https://dydata.cc/_next/static/chunks/7b31e1b66a930b2d.js:24:43396)
    at r (https://dydata.cc/_next/static/chunks/7b31e1b66a930b2d.js:37:25000)
    at async https://dydata.cc/_next/static/chunks/7b31e1b66a930b2d.js:37:25257 @ https://dydata.cc/_next/static/chunks/7b31e1b66a930b2d.js:23
[29606600ms] [ERROR] Failed to load resource: net::ERR_INTERNET_DISCONNECTED @ https://mkkvnogkqcupvxmnoefy.supabase.co/auth/v1/token?grant_type=refresh_token:0
[29606600ms] [ERROR] TypeError: Failed to fetch
    at https://dydata.cc/_next/static/chunks/7b31e1b66a930b2d.js:24:38928
    at tD (https://dydata.cc/_next/static/chunks/7b31e1b66a930b2d.js:24:43868)
    at tL (https://dydata.cc/_next/static/chunks/7b31e1b66a930b2d.js:24:43396)
    at r (https://dydata.cc/_next/static/chunks/7b31e1b66a930b2d.js:37:25000)
    at https://dydata.cc/_next/static/chunks/7b31e1b66a930b2d.js:37:25263
    at https://dydata.cc/_next/static/chunks/7b31e1b66a930b2d.js:37:25340
    at new Promise (<anonymous>)
    at rp._refreshAccessToken (https://dydata.cc/_next/static/chunks/7b31e1b66a930b2d.js:37:25194)
    at rp._callRefreshToken (https://dydata.cc/_next/static/chunks/7b31e1b66a930b2d.js:37:27943)
    at rp.__loadSession (https://dydata.cc/_next/static/chunks/7b31e1b66a930b2d.js:37:14186) @ https://dydata.cc/_next/static/chunks/7b31e1b66a930b2d.js:23
[29606819ms] [ERROR] Failed to load resource: net::ERR_INTERNET_DISCONNECTED @ https://mkkvnogkqcupvxmnoefy.supabase.co/auth/v1/token?grant_type=refresh_token:0
[29606819ms] [ERROR] TypeError: Failed to fetch
    at https://dydata.cc/_next/static/chunks/7b31e1b66a930b2d.js:24:38928
    at tD (https://dydata.cc/_next/static/chunks/7b31e1b66a930b2d.js:24:43868)
    at tL (https://dydata.cc/_next/static/chunks/7b31e1b66a930b2d.js:24:43396)
    at r (https://dydata.cc/_next/static/chunks/7b31e1b66a930b2d.js:37:25000)
    at async https://dydata.cc/_next/static/chunks/7b31e1b66a930b2d.js:37:25257 @ https://dydata.cc/_next/static/chunks/7b31e1b66a930b2d.js:23
[29607230ms] [ERROR] Failed to load resource: net::ERR_INTERNET_DISCONNECTED @ https://mkkvnogkqcupvxmnoefy.supabase.co/auth/v1/token?grant_type=refresh_token:0
[29607230ms] [ERROR] TypeError: Failed to fetch
    at https://dydata.cc/_next/static/chunks/7b31e1b66a930b2d.js:24:38928
    at tD (https://dydata.cc/_next/static/chunks/7b31e1b66a930b2d.js:24:43868)
    at tL (https://dydata.cc/_next/static/chunks/7b31e1b66a930b2d.js:24:43396)
    at r (https://dydata.cc/_next/static/chunks/7b31e1b66a930b2d.js:37:25000)
    at async https://dydata.cc/_next/static/chunks/7b31e1b66a930b2d.js:37:25257 @ https://dydata.cc/_next/static/chunks/7b31e1b66a930b2d.js:23
[29608040ms] [ERROR] Failed to load resource: net::ERR_INTERNET_DISCONNECTED @ https://mkkvnogkqcupvxmnoefy.supabase.co/auth/v1/token?grant_type=refresh_token:0
[29608040ms] [ERROR] TypeError: Failed to fetch
    at https://dydata.cc/_next/static/chunks/7b31e1b66a930b2d.js:24:38928
    at tD (https://dydata.cc/_next/static/chunks/7b31e1b66a930b2d.js:24:43868)
    at tL (https://dydata.cc/_next/static/chunks/7b31e1b66a930b2d.js:24:43396)
    at r (https://dydata.cc/_next/static/chunks/7b31e1b66a930b2d.js:37:25000)
    at async https://dydata.cc/_next/static/chunks/7b31e1b66a930b2d.js:37:25257 @ https://dydata.cc/_next/static/chunks/7b31e1b66a930b2d.js:23
[29609655ms] [ERROR] Failed to load resource: net::ERR_INTERNET_DISCONNECTED @ https://mkkvnogkqcupvxmnoefy.supabase.co/auth/v1/token?grant_type=refresh_token:0
[29609655ms] [ERROR] TypeError: Failed to fetch
    at https://dydata.cc/_next/static/chunks/7b31e1b66a930b2d.js:24:38928
    at tD (https://dydata.cc/_next/static/chunks/7b31e1b66a930b2d.js:24:43868)
    at tL (https://dydata.cc/_next/static/chunks/7b31e1b66a930b2d.js:24:43396)
    at r (https://dydata.cc/_next/static/chunks/7b31e1b66a930b2d.js:37:25000)
    at async https://dydata.cc/_next/static/chunks/7b31e1b66a930b2d.js:37:25257 @ https://dydata.cc/_next/static/chunks/7b31e1b66a930b2d.js:23
[29612867ms] [ERROR] Failed to load resource: net::ERR_INTERNET_DISCONNECTED @ https://mkkvnogkqcupvxmnoefy.supabase.co/auth/v1/token?grant_type=refresh_token:0
[29612867ms] [ERROR] TypeError: Failed to fetch
    at https://dydata.cc/_next/static/chunks/7b31e1b66a930b2d.js:24:38928
    at tD (https://dydata.cc/_next/static/chunks/7b31e1b66a930b2d.js:24:43868)
    at tL (https://dydata.cc/_next/static/chunks/7b31e1b66a930b2d.js:24:43396)
    at r (https://dydata.cc/_next/static/chunks/7b31e1b66a930b2d.js:37:25000)
    at async https://dydata.cc/_next/static/chunks/7b31e1b66a930b2d.js:37:25257 @ https://dydata.cc/_next/static/chunks/7b31e1b66a930b2d.js:23
[30629834ms] [ERROR] Failed to load resource: net::ERR_INTERNET_DISCONNECTED @ https://mkkvnogkqcupvxmnoefy.supabase.co/auth/v1/token?grant_type=refresh_token:0
[30629834ms] [ERROR] TypeError: Failed to fetch
    at https://dydata.cc/_next/static/chunks/7b31e1b66a930b2d.js:24:38928
    at tD (https://dydata.cc/_next/static/chunks/7b31e1b66a930b2d.js:24:43868)
    at tL (https://dydata.cc/_next/static/chunks/7b31e1b66a930b2d.js:24:43396)
    at r (https://dydata.cc/_next/static/chunks/7b31e1b66a930b2d.js:37:25000)
    at async https://dydata.cc/_next/static/chunks/7b31e1b66a930b2d.js:37:25257 @ https://dydata.cc/_next/static/chunks/7b31e1b66a930b2d.js:23
[30897514ms] [ERROR] Failed to load resource: net::ERR_NETWORK_CHANGED @ https://mkkvnogkqcupvxmnoefy.supabase.co/auth/v1/token?grant_type=refresh_token:0
[30897514ms] [ERROR] TypeError: Failed to fetch
    at https://dydata.cc/_next/static/chunks/7b31e1b66a930b2d.js:24:38928
    at tD (https://dydata.cc/_next/static/chunks/7b31e1b66a930b2d.js:24:43868)
    at tL (https://dydata.cc/_next/static/chunks/7b31e1b66a930b2d.js:24:43396)
    at r (https://dydata.cc/_next/static/chunks/7b31e1b66a930b2d.js:37:25000)
    at https://dydata.cc/_next/static/chunks/7b31e1b66a930b2d.js:37:25263
    at https://dydata.cc/_next/static/chunks/7b31e1b66a930b2d.js:37:25340
    at new Promise (<anonymous>)
    at rp._refreshAccessToken (https://dydata.cc/_next/static/chunks/7b31e1b66a930b2d.js:37:25194)
    at rp._callRefreshToken (https://dydata.cc/_next/static/chunks/7b31e1b66a930b2d.js:37:27943)
    at rp.__loadSession (https://dydata.cc/_next/static/chunks/7b31e1b66a930b2d.js:37:14186) @ https://dydata.cc/_next/static/chunks/7b31e1b66a930b2d.js:23
